This is pdfTeX, Version 3.14159265-2.6-1.40.16 (TeX Live 2015/Debian) (preloaded format=pdflatex 2016.10.4)  15 MAY 2017 10:15
entering extended mode
 restricted \write18 enabled.
 %&-line parsing enabled.
**Assignment_1.tex
(./Assignment_1.tex
LaTeX2e <2016/02/01>
Babel <3.9q> and hyphenation patterns for 81 language(s) loaded.
(/usr/share/texlive/texmf-dist/tex/latex/base/article.cls
Document Class: article 2014/09/29 v1.4h Standard LaTeX document class
(/usr/share/texlive/texmf-dist/tex/latex/base/size11.clo
File: size11.clo 2014/09/29 v1.4h Standard LaTeX file (size option)
)
\c@part=\count79
\c@section=\count80
\c@subsection=\count81
\c@subsubsection=\count82
\c@paragraph=\count83
\c@subparagraph=\count84
\c@figure=\count85
\c@table=\count86
\abovecaptionskip=\skip41
\belowcaptionskip=\skip42
\bibindent=\dimen102
)
(/usr/share/texlive/texmf-dist/tex/latex/geometry/geometry.sty
Package: geometry 2010/09/12 v5.6 Page Geometry

(/usr/share/texlive/texmf-dist/tex/latex/graphics/keyval.sty
Package: keyval 2014/10/28 v1.15 key=value parser (DPC)
\KV@toks@=\toks14
)
(/usr/share/texlive/texmf-dist/tex/generic/oberdiek/ifpdf.sty
Package: ifpdf 2011/01/30 v2.3 Provides the ifpdf switch (HO)
Package ifpdf Info: pdfTeX in PDF mode is detected.
)
(/usr/share/texlive/texmf-dist/tex/generic/oberdiek/ifvtex.sty
Package: ifvtex 2010/03/01 v1.5 Detect VTeX and its facilities (HO)
Package ifvtex Info: VTeX not detected.
)
(/usr/share/texlive/texmf-dist/tex/generic/ifxetex/ifxetex.sty
Package: ifxetex 2010/09/12 v0.6 Provides ifxetex conditional
)
\Gm@cnth=\count87
\Gm@cntv=\count88
\c@Gm@tempcnt=\count89
\Gm@bindingoffset=\dimen103
\Gm@wd@mp=\dimen104
\Gm@odd@mp=\dimen105
\Gm@even@mp=\dimen106
\Gm@layoutwidth=\dimen107
\Gm@layoutheight=\dimen108
\Gm@layouthoffset=\dimen109
\Gm@layoutvoffset=\dimen110
\Gm@dimlist=\toks15
)
(/usr/share/texlive/texmf-dist/tex/latex/ms/ragged2e.sty
Package: ragged2e 2009/05/21 v2.1 ragged2e Package (MS)

(/usr/share/texlive/texmf-dist/tex/latex/ms/everysel.sty
Package: everysel 2011/10/28 v1.2 EverySelectfont Package (MS)
)
\CenteringLeftskip=\skip43
\RaggedLeftLeftskip=\skip44
\RaggedRightLeftskip=\skip45
\CenteringRightskip=\skip46
\RaggedLeftRightskip=\skip47
\RaggedRightRightskip=\skip48
\CenteringParfillskip=\skip49
\RaggedLeftParfillskip=\skip50
\RaggedRightParfillskip=\skip51
\JustifyingParfillskip=\skip52
\CenteringParindent=\skip53
\RaggedLeftParindent=\skip54
\RaggedRightParindent=\skip55
\JustifyingParindent=\skip56
)
(/usr/share/texlive/texmf-dist/tex/latex/fancyhdr/fancyhdr.sty
\fancy@headwidth=\skip57
\f@ncyO@elh=\skip58
\f@ncyO@erh=\skip59
\f@ncyO@olh=\skip60
\f@ncyO@orh=\skip61
\f@ncyO@elf=\skip62
\f@ncyO@erf=\skip63
\f@ncyO@olf=\skip64
\f@ncyO@orf=\skip65
)
(/usr/share/texlive/texmf-dist/tex/latex/amsmath/amsmath.sty
Package: amsmath 2016/03/03 v2.15a AMS math features
\@mathmargin=\skip66

For additional information on amsmath, use the `?' option.
(/usr/share/texlive/texmf-dist/tex/latex/amsmath/amstext.sty
Package: amstext 2000/06/29 v2.01 AMS text

(/usr/share/texlive/texmf-dist/tex/latex/amsmath/amsgen.sty
File: amsgen.sty 1999/11/30 v2.0 generic functions
\@emptytoks=\toks16
\ex@=\dimen111
))
(/usr/share/texlive/texmf-dist/tex/latex/amsmath/amsbsy.sty
Package: amsbsy 1999/11/29 v1.2d Bold Symbols
\pmbraise@=\dimen112
)
(/usr/share/texlive/texmf-dist/tex/latex/amsmath/amsopn.sty
Package: amsopn 1999/12/14 v2.01 operator names
)
\inf@bad=\count90
LaTeX Info: Redefining \frac on input line 199.
\uproot@=\count91
\leftroot@=\count92
LaTeX Info: Redefining \overline on input line 297.
\classnum@=\count93
\DOTSCASE@=\count94
LaTeX Info: Redefining \ldots on input line 394.
LaTeX Info: Redefining \dots on input line 397.
LaTeX Info: Redefining \cdots on input line 518.
\Mathstrutbox@=\box26
\strutbox@=\box27
\big@size=\dimen113
LaTeX Font Info:    Redeclaring font encoding OML on input line 630.
LaTeX Font Info:    Redeclaring font encoding OMS on input line 631.
\macc@depth=\count95
\c@MaxMatrixCols=\count96
\dotsspace@=\muskip10
\c@parentequation=\count97
\dspbrk@lvl=\count98
\tag@help=\toks17
\row@=\count99
\column@=\count100
\maxfields@=\count101
\andhelp@=\toks18
\eqnshift@=\dimen114
\alignsep@=\dimen115
\tagshift@=\dimen116
\tagwidth@=\dimen117
\totwidth@=\dimen118
\lineht@=\dimen119
\@envbody=\toks19
\multlinegap=\skip67
\multlinetaggap=\skip68
\mathdisplay@stack=\toks20
LaTeX Info: Redefining \[ on input line 2735.
LaTeX Info: Redefining \] on input line 2736.
)
(/usr/share/texlive/texmf-dist/tex/latex/amsfonts/amssymb.sty
Package: amssymb 2013/01/14 v3.01 AMS font symbols

(/usr/share/texlive/texmf-dist/tex/latex/amsfonts/amsfonts.sty
Package: amsfonts 2013/01/14 v3.01 Basic AMSFonts support
\symAMSa=\mathgroup4
\symAMSb=\mathgroup5
LaTeX Font Info:    Overwriting math alphabet `\mathfrak' in version `bold'
(Font)                  U/euf/m/n --> U/euf/b/n on input line 106.
))
(/usr/share/texlive/texmf-dist/tex/latex/amscls/amsthm.sty
Package: amsthm 2015/03/04 v2.20.2
\thm@style=\toks21
\thm@bodyfont=\toks22
\thm@headfont=\toks23
\thm@notefont=\toks24
\thm@headpunct=\toks25
\thm@preskip=\skip69
\thm@postskip=\skip70
\thm@headsep=\skip71
\dth@everypar=\toks26
)
(/usr/share/texlive/texmf-dist/tex/latex/graphics/graphicx.sty
Package: graphicx 2014/10/28 v1.0g Enhanced LaTeX Graphics (DPC,SPQR)

(/usr/share/texlive/texmf-dist/tex/latex/graphics/graphics.sty
Package: graphics 2016/01/03 v1.0q Standard LaTeX Graphics (DPC,SPQR)

(/usr/share/texlive/texmf-dist/tex/latex/graphics/trig.sty
Package: trig 2016/01/03 v1.10 sin cos tan (DPC)
)
(/usr/share/texlive/texmf-dist/tex/latex/latexconfig/graphics.cfg
File: graphics.cfg 2010/04/23 v1.9 graphics configuration of TeX Live
)
Package graphics Info: Driver file: pdftex.def on input line 95.

(/usr/share/texlive/texmf-dist/tex/latex/pdftex-def/pdftex.def
File: pdftex.def 2011/05/27 v0.06d Graphics/color for pdfTeX

(/usr/share/texlive/texmf-dist/tex/generic/oberdiek/infwarerr.sty
Package: infwarerr 2010/04/08 v1.3 Providing info/warning/error messages (HO)
)
(/usr/share/texlive/texmf-dist/tex/generic/oberdiek/ltxcmds.sty
Package: ltxcmds 2011/11/09 v1.22 LaTeX kernel commands for general use (HO)
)
\Gread@gobject=\count102
))
\Gin@req@height=\dimen120
\Gin@req@width=\dimen121
)
(/usr/share/texlive/texmf-dist/tex/latex/algorithms/algorithm.sty
Package: algorithm 2009/08/24 v0.1 Document Style `algorithm' - floating enviro
nment

(/usr/share/texlive/texmf-dist/tex/latex/float/float.sty
Package: float 2001/11/08 v1.3d Float enhancements (AL)
\c@float@type=\count103
\float@exts=\toks27
\float@box=\box28
\@float@everytoks=\toks28
\@floatcapt=\box29
)
(/usr/share/texlive/texmf-dist/tex/latex/base/ifthen.sty
Package: ifthen 2014/09/29 v1.1c Standard LaTeX ifthen package (DPC)
)
\@float@every@algorithm=\toks29
\c@algorithm=\count104
)
(/usr/share/texlive/texmf-dist/tex/latex/algorithmicx/algpseudocode.sty
Package: algpseudocode 

(/usr/share/texlive/texmf-dist/tex/latex/algorithmicx/algorithmicx.sty
Package: algorithmicx 2005/04/27 v1.2 Algorithmicx

Document Style algorithmicx 1.2 - a greatly improved `algorithmic' style
\c@ALG@line=\count105
\c@ALG@rem=\count106
\c@ALG@nested=\count107
\ALG@tlm=\skip72
\ALG@thistlm=\skip73
\c@ALG@Lnr=\count108
\c@ALG@blocknr=\count109
\c@ALG@storecount=\count110
\c@ALG@tmpcounter=\count111
\ALG@tmplength=\skip74
)
Document Style - pseudocode environments for use with the `algorithmicx' style
) (/usr/share/texlive/texmf-dist/tex/latex/wrapfig/wrapfig.sty
\wrapoverhang=\dimen122
\WF@size=\dimen123
\c@WF@wrappedlines=\count112
\WF@box=\box30
\WF@everypar=\toks30
Package: wrapfig 2003/01/31  v 3.6
)
(/usr/share/texlive/texmf-dist/tex/latex/graphics/epsfig.sty
Package: epsfig 1999/02/16 v1.7a (e)psfig emulation (SPQR)
\epsfxsize=\dimen124
\epsfysize=\dimen125
)

Package geometry Warning: Over-specification in `h'-direction.
    `width' (597.50787pt) is ignored.


Package geometry Warning: Over-specification in `v'-direction.
    `height' (845.04684pt) is ignored.


Package Fancyhdr Warning: \fancyhead's `E' option without twoside option is use
less on input line 63.


Package Fancyhdr Warning: \fancyhead's `E' option without twoside option is use
less on input line 64.


Package Fancyhdr Warning: \fancyfoot's `E' option without twoside option is use
less on input line 65.


Package Fancyhdr Warning: \fancyfoot's `E' option without twoside option is use
less on input line 66.

(./Assignment_1.aux)
\openout1 = `Assignment_1.aux'.

LaTeX Font Info:    Checking defaults for OML/cmm/m/it on input line 79.
LaTeX Font Info:    ... okay on input line 79.
LaTeX Font Info:    Checking defaults for T1/cmr/m/n on input line 79.
LaTeX Font Info:    ... okay on input line 79.
LaTeX Font Info:    Checking defaults for OT1/cmr/m/n on input line 79.
LaTeX Font Info:    ... okay on input line 79.
LaTeX Font Info:    Checking defaults for OMS/cmsy/m/n on input line 79.
LaTeX Font Info:    ... okay on input line 79.
LaTeX Font Info:    Checking defaults for OMX/cmex/m/n on input line 79.
LaTeX Font Info:    ... okay on input line 79.
LaTeX Font Info:    Checking defaults for U/cmr/m/n on input line 79.
LaTeX Font Info:    ... okay on input line 79.

*geometry* driver: auto-detecting
*geometry* detected driver: pdftex
*geometry* verbose mode - [ preamble ] result:
* driver: pdftex
* paper: a4paper
* layout: <same size as paper>
* layoutoffset:(h,v)=(0.0pt,0.0pt)
* modes: 
* h-part:(L,W,R)=(71.13188pt, 455.24411pt, 71.13188pt)
* v-part:(T,H,B)=(56.9055pt, 731.23584pt, 56.9055pt)
* \paperwidth=597.50787pt
* \paperheight=845.04684pt
* \textwidth=455.24411pt
* \textheight=731.23584pt
* \oddsidemargin=-1.1381pt
* \evensidemargin=-1.1381pt
* \topmargin=-52.36449pt
* \headheight=12.0pt
* \headsep=25.0pt
* \topskip=11.0pt
* \footskip=30.0pt
* \marginparwidth=50.0pt
* \marginparsep=10.0pt
* \columnsep=10.0pt
* \skip\footins=10.0pt plus 4.0pt minus 2.0pt
* \hoffset=0.0pt
* \voffset=0.0pt
* \mag=1000
* \@twocolumnfalse
* \@twosidefalse
* \@mparswitchfalse
* \@reversemarginfalse
* (1in=72.27pt=25.4mm, 1cm=28.453pt)

ABD: EverySelectfont initializing macros
LaTeX Info: Redefining \selectfont on input line 79.

(/usr/share/texlive/texmf-dist/tex/context/base/supp-pdf.mkii
[Loading MPS to PDF converter (version 2006.09.02).]
\scratchcounter=\count113
\scratchdimen=\dimen126
\scratchbox=\box31
\nofMPsegments=\count114
\nofMParguments=\count115
\everyMPshowfont=\toks31
\MPscratchCnt=\count116
\MPscratchDim=\dimen127
\MPnumerator=\count117
\makeMPintoPDFobject=\count118
\everyMPtoPDFconversion=\toks32
) (/usr/share/texlive/texmf-dist/tex/generic/oberdiek/pdftexcmds.sty
Package: pdftexcmds 2011/11/29 v0.20 Utility functions of pdfTeX for LuaTeX (HO
)

(/usr/share/texlive/texmf-dist/tex/generic/oberdiek/ifluatex.sty
Package: ifluatex 2010/03/01 v1.3 Provides the ifluatex switch (HO)
Package ifluatex Info: LuaTeX not detected.
)
Package pdftexcmds Info: LuaTeX not detected.
Package pdftexcmds Info: \pdf@primitive is available.
Package pdftexcmds Info: \pdf@ifprimitive is available.
Package pdftexcmds Info: \pdfdraftmode found.
)
(/usr/share/texlive/texmf-dist/tex/latex/oberdiek/epstopdf-base.sty
Package: epstopdf-base 2010/02/09 v2.5 Base part for package epstopdf

(/usr/share/texlive/texmf-dist/tex/latex/oberdiek/grfext.sty
Package: grfext 2010/08/19 v1.1 Manage graphics extensions (HO)

(/usr/share/texlive/texmf-dist/tex/generic/oberdiek/kvdefinekeys.sty
Package: kvdefinekeys 2011/04/07 v1.3 Define keys (HO)
))
(/usr/share/texlive/texmf-dist/tex/latex/oberdiek/kvoptions.sty
Package: kvoptions 2011/06/30 v3.11 Key value format for package options (HO)

(/usr/share/texlive/texmf-dist/tex/generic/oberdiek/kvsetkeys.sty
Package: kvsetkeys 2012/04/25 v1.16 Key value parser (HO)

(/usr/share/texlive/texmf-dist/tex/generic/oberdiek/etexcmds.sty
Package: etexcmds 2011/02/16 v1.5 Avoid name clashes with e-TeX commands (HO)
Package etexcmds Info: Could not find \expanded.
(etexcmds)             That can mean that you are not using pdfTeX 1.50 or
(etexcmds)             that some package has redefined \expanded.
(etexcmds)             In the latter case, load this package earlier.
)))
Package grfext Info: Graphics extension search list:
(grfext)             [.png,.pdf,.jpg,.mps,.jpeg,.jbig2,.jb2,.PNG,.PDF,.JPG,.JPE
G,.JBIG2,.JB2,.eps]
(grfext)             \AppendGraphicsExtensions on input line 452.

(/usr/share/texlive/texmf-dist/tex/latex/latexconfig/epstopdf-sys.cfg
File: epstopdf-sys.cfg 2010/07/13 v1.3 Configuration of (r)epstopdf for TeX Liv
e
))
<N_1_1_1.png, id=1, 675.52374pt x 158.5925pt>
File: N_1_1_1.png Graphic file (type png)
 <use N_1_1_1.png>
Package pdftex.def Info: N_1_1_1.png used on input line 88.
(pdftex.def)             Requested size: 433.63249pt x 144.55168pt.

<N_1_1_2.png, id=3, 677.53125pt x 176.66pt>
File: N_1_1_2.png Graphic file (type png)
 <use N_1_1_2.png>
Package pdftex.def Info: N_1_1_2.png used on input line 93.
(pdftex.def)             Requested size: 433.62885pt x 144.54135pt.

<N_1_2_1.png, id=4, 670.505pt x 166.6225pt>
File: N_1_2_1.png Graphic file (type png)
 <use N_1_2_1.png>
Package pdftex.def Info: N_1_2_1.png used on input line 99.
(pdftex.def)             Requested size: 433.61317pt x 144.54852pt.

<N_2.png, id=5, 678.535pt x 306.14375pt>
File: N_2.png Graphic file (type png)
 <use N_2.png>
Package pdftex.def Info: N_2.png used on input line 104.
(pdftex.def)             Requested size: 433.61899pt x 216.80768pt.


LaTeX Warning: `h' float specifier changed to `ht'.

<N_4_1.png, id=6, 676.5275pt x 210.7875pt>
File: N_4_1.png Graphic file (type png)
 <use N_4_1.png>
Package pdftex.def Info: N_4_1.png used on input line 109.
(pdftex.def)             Requested size: 433.62646pt x 144.54295pt.


LaTeX Warning: `h' float specifier changed to `ht'.

<N_4.png, id=7, 678.535pt x 255.95625pt>
File: N_4.png Graphic file (type png)
 <use N_4.png>
Package pdftex.def Info: N_4.png used on input line 114.
(pdftex.def)             Requested size: 433.61899pt x 216.81004pt.


LaTeX Warning: `h' float specifier changed to `ht'.

<N_5.png, id=8, 676.5275pt x 254.9525pt>
File: N_5.png Graphic file (type png)
 <use N_5.png>
Package pdftex.def Info: N_5.png used on input line 119.
(pdftex.def)             Requested size: 433.62646pt x 180.68297pt.


LaTeX Warning: `h' float specifier changed to `ht'.

<N_6.png, id=9, 676.5275pt x 339.2675pt>
File: N_6.png Graphic file (type png)
 <use N_6.png>
Package pdftex.def Info: N_6.png used on input line 124.
(pdftex.def)             Requested size: 433.62646pt x 252.94354pt.


LaTeX Warning: `h' float specifier changed to `ht'.

<N_7.png, id=10, 678.535pt x 135.50626pt>
File: N_7.png Graphic file (type png)
 <use N_7.png>
Package pdftex.def Info: N_7.png used on input line 129.
(pdftex.def)             Requested size: 433.61899pt x 101.18074pt.


LaTeX Warning: `h' float specifier changed to `ht'.

<N_10.png, id=11, 715.67375pt x 620.3175pt>
File: N_10.png Graphic file (type png)
 <use N_10.png>
Package pdftex.def Info: N_10.png used on input line 134.
(pdftex.def)             Requested size: 433.62279pt x 325.20776pt.


LaTeX Warning: `h' float specifier changed to `ht'.

<N_12_1.png, id=12, 723.70375pt x 623.32875pt>
File: N_12_1.png Graphic file (type png)
 <use N_12_1.png>
Package pdftex.def Info: N_12_1.png used on input line 139.
(pdftex.def)             Requested size: 433.61824pt x 325.21709pt.


LaTeX Warning: `h' float specifier changed to `ht'.

<N_12_2.png, id=13, 737.75626pt x 624.3325pt>
File: N_12_2.png Graphic file (type png)
 <use N_12_2.png>
Package pdftex.def Info: N_12_2.png used on input line 144.
(pdftex.def)             Requested size: 433.6176pt x 325.21683pt.


LaTeX Warning: `h' float specifier changed to `ht'.

<N_12_3.png, id=14, 729.72626pt x 624.3325pt>
File: N_12_3.png Graphic file (type png)
 <use N_12_3.png>
Package pdftex.def Info: N_12_3.png used on input line 149.
(pdftex.def)             Requested size: 433.61908pt x 325.21683pt.


LaTeX Warning: `h' float specifier changed to `ht'.

<N_11.png, id=15, 673.51625pt x 174.6525pt>
File: N_11.png Graphic file (type png)
 <use N_11.png>
Package pdftex.def Info: N_11.png used on input line 157.
(pdftex.def)             Requested size: 433.62846pt x 144.54846pt.


LaTeX Warning: `h' float specifier changed to `ht'.

<N_11_1.png, id=16, 674.52pt x 202.7575pt>
File: N_11_1.png Graphic file (type png)
 <use N_11_1.png>
Package pdftex.def Info: N_11_1.png used on input line 163.
(pdftex.def)             Requested size: 433.62628pt x 144.54356pt.


LaTeX Warning: `h' float specifier changed to `ht'.

<N_13_1.png, id=17, 855.195pt x 508.90125pt>
File: N_13_1.png Graphic file (type png)
 <use N_13_1.png>
Package pdftex.def Info: N_13_1.png used on input line 169.
(pdftex.def)             Requested size: 433.61214pt x 289.09055pt.


LaTeX Warning: `h' float specifier changed to `ht'.

<N_13_2.png, id=18, 853.1875pt x 509.905pt>
File: N_13_2.png Graphic file (type png)
 <use N_13_2.png>
Package pdftex.def Info: N_13_2.png used on input line 175.
(pdftex.def)             Requested size: 433.62274pt x 289.09276pt.


LaTeX Warning: `h' float specifier changed to `ht'.

<N_13_3.png, id=19, 854.19125pt x 562.1pt>
File: N_13_3.png Graphic file (type png)
 <use N_13_3.png>
Package pdftex.def Info: N_13_3.png used on input line 180.
(pdftex.def)             Requested size: 433.61153pt x 289.07733pt.


LaTeX Warning: `h' float specifier changed to `ht'.

<N_15_1.png, id=20, 754.82pt x 367.3725pt>
File: N_15_1.png Graphic file (type png)
 <use N_15_1.png>
Package pdftex.def Info: N_15_1.png used on input line 185.
(pdftex.def)             Requested size: 433.61502pt x 216.81516pt.


LaTeX Warning: `h' float specifier changed to `ht'.

<N_15_2.png, id=21, 778.91pt x 351.3125pt>
File: N_15_2.png Graphic file (type png)
 <use N_15_2.png>
Package pdftex.def Info: N_15_2.png used on input line 190.
(pdftex.def)             Requested size: 433.61943pt x 216.81442pt.


LaTeX Warning: `h' float specifier changed to `ht'.

<N_14_0.png, id=22, 855.195pt x 506.89375pt>
File: N_14_0.png Graphic file (type png)
 <use N_14_0.png>
Package pdftex.def Info: N_14_0.png used on input line 195.
(pdftex.def)             Requested size: 433.61214pt x 289.08713pt.


LaTeX Warning: `h' float specifier changed to `ht'.

<N_14_1.png, id=23, 851.18pt x 562.1pt>
File: N_14_1.png Graphic file (type png)
 <use N_14_1.png>
Package pdftex.def Info: N_14_1.png used on input line 200.
(pdftex.def)             Requested size: 433.62848pt x 289.07733pt.


LaTeX Warning: `h' float specifier changed to `ht'.

<N_14_2.png, id=24, 852.18375pt x 507.8975pt>
File: N_14_2.png Graphic file (type png)
 <use N_14_2.png>
Package pdftex.def Info: N_14_2.png used on input line 205.
(pdftex.def)             Requested size: 433.6327pt x 289.08609pt.


LaTeX Warning: `h' float specifier changed to `ht'.

<N_A_1.png, id=25, 766.865pt x 256.96pt>
File: N_A_1.png Graphic file (type png)
 <use N_A_1.png>
Package pdftex.def Info: N_A_1.png used on input line 211.
(pdftex.def)             Requested size: 433.63058pt x 195.13086pt.


LaTeX Warning: `h' float specifier changed to `ht'.

<N_A_2.png, id=26, 809.0225pt x 266.9975pt>
File: N_A_2.png Graphic file (type png)
 <use N_A_2.png>
Package pdftex.def Info: N_A_2.png used on input line 216.
(pdftex.def)             Requested size: 433.619pt x 202.36205pt.


LaTeX Warning: `h' float specifier changed to `ht'.

<N_A_3.png, id=27, 842.14626pt x 256.96pt>
File: N_A_3.png Graphic file (type png)
 <use N_A_3.png>
Package pdftex.def Info: N_A_3.png used on input line 221.
(pdftex.def)             Requested size: 433.62665pt x 195.13086pt.


LaTeX Warning: `h' float specifier changed to `ht'.

[1

{/var/lib/texmf/fonts/map/pdftex/updmap/pdftex.map} <./N_1_1_1.png> <./N_1_1_2.
png> <./N_1_2_1.png>]

Package Fancyhdr Warning: \headheight is too small (12.0pt): 
 Make it at least 13.59999pt.
 We now make it that large for the rest of the document.
 This may cause the page layout to be inconsistent, however.

[2 <./N_2.png> <./N_4_1.png> <./N_4.png>] [3 <./N_5.png> <./N_6.png> <./N_7.png
>] [4 <./N_10.png> <./N_12_1.png>] [5 <./N_12_2.png> <./N_12_3.png>] [6 <./N_11
.png> <./N_11_1.png> <./N_13_1.png>] [7 <./N_13_2.png> <./N_13_3.png>] [8 <./N_
15_1.png> <./N_15_2.png>] [9 <./N_14_0.png> <./N_14_1.png>] [10 <./N_14_2.png> 
<./N_A_1.png>] [11 <./N_A_2.png> <./N_A_3.png>] (./Assignment_1.aux) ) 
Here is how much of TeX's memory you used:
 3918 strings out of 493029
 52928 string characters out of 6136234
 124023 words of memory out of 5000000
 7373 multiletter control sequences out of 15000+600000
 4853 words of font info for 18 fonts, out of 8000000 for 9000
 1141 hyphenation exceptions out of 8191
 37i,10n,43p,278b,278s stack positions out of 5000i,500n,10000p,200000b,80000s
</usr/sha
re/texlive/texmf-dist/fonts/type1/public/amsfonts/cm/cmbx10.pfb></usr/share/tex
live/texmf-dist/fonts/type1/public/amsfonts/cm/cmbx12.pfb></usr/share/texlive/t
exmf-dist/fonts/type1/public/amsfonts/cm/cmr10.pfb></usr/share/texlive/texmf-di
st/fonts/type1/public/amsfonts/cm/cmr12.pfb>
Output written on Assignment_1.pdf (11 pages, 845894 bytes).
PDF statistics:
 86 PDF objects out of 1000 (max. 8388607)
 39 compressed objects within 1 object stream
 0 named destinations out of 1000 (max. 500000)
 131 words of extra memory for PDF output out of 10000 (max. 10000000)

